\BOOKMARK [0][-]{chapter*.1}{\376\377\016\052\016\062\016\043\016\032\016\061\016\015}{}% 1
\BOOKMARK [0][-]{chapter*.2}{\376\377\016\052\016\062\016\043\016\032\016\061\016\015\016\025\016\062\016\043\016\062\016\007\000\040}{}% 2
\BOOKMARK [0][-]{chapter*.3}{\376\377\016\052\016\062\016\043\016\032\016\061\016\015\016\040\016\062\016\036\000\040}{}% 3
\BOOKMARK [0][-]{chapter*.4}{\376\377\016\101\016\034\016\031\016\032\016\043\016\064\016\053\016\062\016\043\016\001\016\062\016\043\016\052\016\055\016\031\016\033\016\043\016\060\016\010\016\063\016\047\016\064\016\012\016\062}{}% 4
\BOOKMARK [0][-]{chapter*.6}{\376\377\016\101\016\034\016\031\016\001\016\062\016\043\016\052\016\055\016\031\016\033\016\043\016\060\016\010\016\063\016\032\016\027\016\027\016\065\016\110\000\040\0001}{}% 5
\BOOKMARK [0][-]{chapter.1}{\376\377\016\025\016\043\016\043\016\001\016\050\016\062\016\052\016\025\016\043\016\114\000\040\000\050\000L\000o\000g\000i\000c\000\051}{}% 6
\BOOKMARK [1][-]{section.1.1}{\376\377\016\004\016\047\016\062\016\041\016\053\016\041\016\062\016\042\016\101\016\045\016\060\016\004\016\047\016\062\016\041\016\052\016\063\016\004\016\061\016\015\016\002\016\055\016\007\016\025\016\043\016\043\016\001\016\050\016\062\016\052\016\025\016\043\016\114}{chapter.1}% 7
\BOOKMARK [1][-]{section.1.2}{\376\377\016\033\016\043\016\060\016\036\016\010\016\031\016\114\000\040\000\050\000P\000r\000o\000p\000o\000s\000i\000t\000i\000o\000n\000s\000\051}{chapter.1}% 8
\BOOKMARK [1][-]{section.1.3}{\376\377\016\025\016\061\016\047\016\100\016\012\016\067\016\110\016\055\016\041\016\033\016\043\016\060\016\036\016\010\016\031\016\114\000\040\000\050\000L\000o\000g\000i\000c\000a\000l\000\040\000C\000o\000n\000n\000e\000c\000t\000i\000v\000e\000s\000\051}{chapter.1}% 9
\BOOKMARK [1][-]{section.1.4}{\376\377\016\025\016\062\016\043\016\062\016\007\016\004\016\047\016\062\016\041\016\010\016\043\016\064\016\007\000\040\000\050\000T\000r\000u\000t\000h\000\040\000T\000a\000b\000l\000e\000s\000\051}{chapter.1}% 10
\BOOKMARK [1][-]{section.1.5}{\376\377\016\052\016\061\016\010\016\031\016\064\016\043\016\061\016\031\016\024\016\043\016\114\016\101\016\045\016\060\016\004\016\047\016\062\016\041\016\002\016\061\016\024\016\101\016\042\016\111\016\007}{chapter.1}% 11
\BOOKMARK [1][-]{section.1.6}{\376\377\016\001\016\062\016\043\016\053\016\061\016\001\016\055\016\031\016\070\016\041\016\062\016\031\000\040\000\050\000I\000n\000f\000e\000r\000e\000n\000c\000e\000\040\000R\000u\000l\000e\000s\000\051}{chapter.1}% 12
\BOOKMARK [1][-]{section.1.7}{\376\377\016\001\016\062\016\043\016\036\016\064\016\052\016\071\016\010\016\031\016\114\016\024\016\111\016\047\016\042\016\025\016\062\016\043\016\062\016\007\016\004\016\047\016\062\016\041\016\010\016\043\016\064\016\007}{chapter.1}% 13
\BOOKMARK [1][-]{section.1.8}{\376\377\016\052\016\043\016\070\016\033\016\033\016\043\016\060\016\100\016\024\016\107\016\031\016\052\016\063\016\004\016\061\016\015}{chapter.1}% 14
\BOOKMARK [0][-]{chapter*.18}{\376\377\016\101\016\032\016\032\016\035\016\066\016\001\016\053\016\061\016\024\016\027\016\111\016\062\016\042\016\032\016\027}{}% 15
\BOOKMARK [0][-]{exercise.1.8}{\376\377\016\032\016\043\016\043\016\023\016\062\016\031\016\070\016\001\016\043\016\041}{}% 16
\BOOKMARK [1][-]{section.1.9}{\376\377\016\100\016\055\016\001\016\052\016\062\016\043\016\055\016\111\016\062\016\007\016\055\016\064\016\007}{exercise.1.8}% 17
\BOOKMARK [0][-]{chapter*.19}{\376\377\016\101\016\034\016\031\016\001\016\062\016\043\016\052\016\055\016\031\016\033\016\043\016\060\016\010\016\063\016\032\016\027\016\027\016\065\016\110\000\040\0002}{}% 18
\BOOKMARK [0][-]{chapter.2}{\376\377\016\043\016\060\016\032\016\032\016\055\016\111\016\062\016\007\016\055\016\064\016\007\016\100\016\012\016\064\016\007\016\036\016\067\016\111\016\031\016\027\016\065\016\110\000\040\000\050\000S\000p\000a\000t\000i\000a\000l\000\040\000R\000e\000f\000e\000r\000e\000n\000c\000e\000\040\000S\000y\000s\000t\000e\000m\000s\000\051}{}% 19
\BOOKMARK [1][-]{section.2.1}{\376\377\016\047\016\061\016\025\016\026\016\070\016\033\016\043\016\060\016\052\016\007\016\004\016\114\016\001\016\062\016\043\016\100\016\043\016\065\016\042\016\031\016\043\016\071\016\111}{chapter.2}% 20
\BOOKMARK [1][-]{section.2.2}{\376\377\016\032\016\027\016\031\016\063\000:\000\040\016\004\016\047\016\062\016\041\016\052\016\063\016\004\016\061\016\015\016\002\016\055\016\007\016\043\016\060\016\032\016\032\016\055\016\111\016\062\016\007\016\055\016\064\016\007\016\100\016\012\016\064\016\007\016\036\016\067\016\111\016\031\016\027\016\065\016\110}{chapter.2}% 21
\BOOKMARK [1][-]{section.2.3}{\376\377\016\043\016\071\016\033\016\027\016\043\016\007\016\002\016\055\016\007\016\102\016\045\016\001\000\040\000\050\000E\000a\000r\000t\000h\000'\000s\000\040\000S\000h\000a\000p\000e\000\051}{chapter.2}% 22
\BOOKMARK [1][-]{section.2.4}{\376\377\016\043\016\060\016\032\016\032\016\036\016\064\016\001\016\061\016\024\016\040\016\071\016\041\016\064\016\050\016\062\016\052\016\025\016\043\016\114\000\040\000\050\000G\000e\000o\000g\000r\000a\000p\000h\000i\000c\000\040\000C\000o\000o\000r\000d\000i\000n\000a\000t\000e\000\040\000S\000y\000s\000t\000e\000m\000\051}{chapter.2}% 23
\BOOKMARK [1][-]{section.2.5}{\376\377\016\043\016\060\016\032\016\032\016\036\016\064\016\001\016\061\016\024\016\011\016\062\016\042\000\040\000\050\000P\000r\000o\000j\000e\000c\000t\000e\000d\000\040\000C\000o\000o\000r\000d\000i\000n\000a\000t\000e\000\040\000S\000y\000s\000t\000e\000m\000\051}{chapter.2}% 24
\BOOKMARK [1][-]{section.2.6}{\376\377\016\024\016\062\016\025\016\061\016\041\000\040\000\050\000D\000a\000t\000u\000m\000\051}{chapter.2}% 25
\BOOKMARK [1][-]{section.2.7}{\376\377\016\001\016\062\016\043\016\101\016\033\016\045\016\007\016\043\016\060\016\032\016\032\016\036\016\064\016\001\016\061\016\024\000\040\000\050\000C\000o\000o\000r\000d\000i\000n\000a\000t\000e\000\040\000T\000r\000a\000n\000s\000f\000o\000r\000m\000a\000t\000i\000o\000n\000\051}{chapter.2}% 26
\BOOKMARK [1][-]{section.2.8}{\376\377\016\001\016\062\016\043\016\100\016\045\016\067\016\055\016\001\016\103\016\012\016\111\016\024\016\062\016\025\016\061\016\041\016\103\016\053\016\111\016\100\016\053\016\041\016\062\016\060\016\052\016\041\016\001\016\061\016\032\016\036\016\067\016\111\016\031\016\027\016\065\016\110\016\050\016\066\016\001\016\051\016\062}{chapter.2}% 27
\BOOKMARK [1][-]{section.2.9}{\376\377\016\001\016\062\016\043\016\010\016\061\016\024\016\001\016\062\016\043\016\033\016\061\016\015\016\053\016\062\016\004\016\047\016\062\016\041\016\004\016\045\016\062\016\024\016\100\016\004\016\045\016\067\016\110\016\055\016\031\016\100\016\012\016\064\016\007\016\036\016\067\016\111\016\031\016\027\016\065\016\110}{chapter.2}% 28
\BOOKMARK [1][-]{section.2.10}{\376\377\016\052\016\043\016\070\016\033\000\040\000\050\000C\000o\000n\000c\000l\000u\000s\000i\000o\000n\000\051}{chapter.2}% 29
\BOOKMARK [1][-]{section.2.11}{\376\377\016\104\016\037\016\045\016\114\016\102\016\004\016\111\016\024\016\033\016\043\016\060\016\001\016\055\016\032\016\032\016\027\000\040\000\050\000C\000o\000m\000p\000a\000n\000i\000o\000n\000\040\000C\000o\000d\000e\000\051}{chapter.2}% 30
\BOOKMARK [1][-]{section.2.12}{\376\377\016\101\016\032\016\032\016\035\016\066\016\001\016\053\016\061\016\024\016\027\016\111\016\062\016\042\016\032\016\027\000\040\000\050\000E\000x\000e\000r\000c\000i\000s\000e\000s\000\051}{chapter.2}% 31
\BOOKMARK [1][-]{section.2.13}{\376\377\016\100\016\055\016\001\016\052\016\062\016\043\016\055\016\111\016\062\016\007\016\055\016\064\016\007}{chapter.2}% 32
\BOOKMARK [0][-]{chapter*.22}{\376\377\016\101\016\034\016\031\016\001\016\062\016\043\016\052\016\055\016\031\016\033\016\043\016\060\016\010\016\063\016\032\016\027\016\027\016\065\016\110\000\040\0003}{}% 33
\BOOKMARK [0][-]{chapter.3}{\376\377\016\101\016\032\016\032\016\010\016\063\016\045\016\055\016\007\016\002\016\111\016\055\016\041\016\071\016\045\016\101\016\045\016\060\016\101\016\053\016\045\016\110\016\007\016\027\016\065\016\110\016\041\016\062\016\002\016\055\016\007\016\002\016\111\016\055\016\041\016\071\016\045\000\040\000\050\000D\000a\000t\000a\000\040\000M\000o\000d\000e\000l\000s\000\040\000a\000n\000d\000\040\000D\000a\000t\000a\000\040\000A\000c\000q\000u\000i\000s\000i\000t\000i\000o\000n\000\051}{}% 34
\BOOKMARK [1][-]{section.3.1}{\376\377\016\047\016\061\016\025\016\026\016\070\016\033\016\043\016\060\016\052\016\007\016\004\016\114\016\001\016\062\016\043\016\100\016\043\016\065\016\042\016\031\016\043\016\071\016\111}{chapter.3}% 35
\BOOKMARK [1][-]{section.3.2}{\376\377\016\032\016\027\016\031\016\063}{chapter.3}% 36
\BOOKMARK [1][-]{section.3.3}{\376\377\016\101\016\032\016\032\016\010\016\063\016\045\016\055\016\007\016\002\016\111\016\055\016\041\016\071\016\045\016\100\016\047\016\001\016\100\016\025\016\055\016\043\016\114\000\040\000\050\000V\000e\000c\000t\000o\000r\000\040\000D\000a\000t\000a\000\040\000M\000o\000d\000e\000l\000\051}{chapter.3}% 37
\BOOKMARK [1][-]{section.3.4}{\376\377\016\101\016\032\016\032\016\010\016\063\016\045\016\055\016\007\016\002\016\111\016\055\016\041\016\071\016\045\016\043\016\062\016\052\016\100\016\025\016\055\016\043\016\114\000\040\000\050\000R\000a\000s\000t\000e\000r\000\040\000D\000a\000t\000a\000\040\000M\000o\000d\000e\000l\000\051}{chapter.3}% 38
\BOOKMARK [1][-]{section.3.5}{\376\377\016\001\016\062\016\043\016\101\016\033\016\045\016\007\016\002\016\111\016\055\016\041\016\071\016\045\016\043\016\060\016\053\016\047\016\110\016\062\016\007\000\040\000V\000e\000c\000t\000o\000r\000\040\016\101\016\045\016\060\000\040\000R\000a\000s\000t\000e\000r\000\040\000\050\000D\000a\000t\000a\000\040\000C\000o\000n\000v\000e\000r\000s\000i\000o\000n\000\051}{chapter.3}% 39
\BOOKMARK [1][-]{section.3.6}{\376\377\016\047\016\064\016\030\016\065\016\001\016\062\016\043\016\100\016\001\016\107\016\032\016\043\016\047\016\032\016\043\016\047\016\041\016\002\016\111\016\055\016\041\016\071\016\045\000\040\000\050\000D\000a\000t\000a\000\040\000A\000c\000q\000u\000i\000s\000i\000t\000i\000o\000n\000\040\000M\000e\000t\000h\000o\000d\000s\000\051}{chapter.3}% 40
\BOOKMARK [1][-]{section.3.7}{\376\377\016\004\016\070\016\023\016\040\016\062\016\036\016\002\016\111\016\055\016\041\016\071\016\045\016\101\016\045\016\060\016\004\016\047\016\062\016\041\016\101\016\041\016\110\016\031\016\042\016\063\016\100\016\012\016\064\016\007\016\036\016\067\016\111\016\031\016\027\016\065\016\110\000\040\000\050\000D\000a\000t\000a\000\040\000Q\000u\000a\000l\000i\000t\000y\000\040\000a\000n\000d\000\040\000S\000p\000a\000t\000i\000a\000l\000\040\000A\000c\000c\000u\000r\000a\000c\000y\000\051}{chapter.3}% 41
\BOOKMARK [1][-]{section.3.8}{\376\377\016\001\016\062\016\043\016\033\016\043\016\060\016\042\016\070\016\001\016\025\016\114\016\103\016\012\016\111\016\002\016\111\016\055\016\041\016\071\016\045\016\103\016\031\016\007\016\062\016\031\000\040\000G\000I\000S}{chapter.3}% 42
\BOOKMARK [1][-]{section.3.9}{\376\377\016\052\016\043\016\070\016\033}{chapter.3}% 43
\BOOKMARK [1][-]{section.3.10}{\376\377\016\101\016\032\016\032\016\035\016\066\016\001\016\053\016\061\016\024\016\027\016\111\016\062\016\042\016\032\016\027}{chapter.3}% 44
\BOOKMARK [1][-]{section.3.11}{\376\377\016\100\016\055\016\001\016\052\016\062\016\043\016\055\016\111\016\062\016\007\016\055\016\064\016\007}{chapter.3}% 45
\BOOKMARK [0][-]{chapter*.23}{\376\377\016\101\016\034\016\031\016\001\016\062\016\043\016\052\016\055\016\031\016\033\016\043\016\060\016\010\016\063\016\032\016\027\016\027\016\065\016\110\000\040\0004}{}% 46
\BOOKMARK [0][-]{chapter.4}{\376\377\016\001\016\062\016\043\016\010\016\061\016\024\016\001\016\062\016\043\016\020\016\062\016\031\016\002\016\111\016\055\016\041\016\071\016\045\016\100\016\012\016\064\016\007\016\036\016\067\016\111\016\031\016\027\016\065\016\110\000\040\000\050\000G\000e\000o\000d\000a\000t\000a\000b\000a\000s\000e\000\040\000M\000a\000n\000a\000g\000e\000m\000e\000n\000t\000\051}{}% 47
\BOOKMARK [1][-]{section.4.1}{\376\377\016\047\016\061\016\025\016\026\016\070\016\033\016\043\016\060\016\052\016\007\016\004\016\114\016\001\016\062\016\043\016\100\016\043\016\065\016\042\016\031\016\043\016\071\016\111}{chapter.4}% 48
\BOOKMARK [1][-]{section.4.2}{\376\377\016\032\016\027\016\031\016\063}{chapter.4}% 49
\BOOKMARK [1][-]{section.4.3}{\376\377\016\102\016\004\016\043\016\007\016\052\016\043\016\111\016\062\016\007\016\002\016\111\016\055\016\041\016\071\016\045\016\103\016\031\016\020\016\062\016\031\016\002\016\111\016\055\016\041\016\071\016\045\000\040\000\050\000D\000a\000t\000a\000b\000a\000s\000e\000\040\000S\000t\000r\000u\000c\000t\000u\000r\000e\000\051}{chapter.4}% 50
\BOOKMARK [1][-]{section.4.4}{\376\377\016\004\016\047\016\062\016\041\016\052\016\061\016\041\016\036\016\061\016\031\016\030\016\114\016\100\016\012\016\064\016\007\016\027\016\055\016\036\016\055\016\102\016\045\016\042\016\065\000\040\000\050\000T\000o\000p\000o\000l\000o\000g\000y\000\051}{chapter.4}% 51
\BOOKMARK [1][-]{section.4.5}{\376\377\016\001\016\062\016\043\016\010\016\061\016\024\016\001\016\062\016\043\016\025\016\062\016\043\016\062\016\007\016\002\016\111\016\055\016\041\016\071\016\045\016\004\016\070\016\023\016\045\016\061\016\001\016\051\016\023\016\060\000\040\000\050\000A\000t\000t\000r\000i\000b\000u\000t\000e\000\040\000D\000a\000t\000a\000\040\000M\000a\000n\000a\000g\000e\000m\000e\000n\000t\000\051}{chapter.4}% 52
\BOOKMARK [1][-]{section.4.6}{\376\377\016\001\016\062\016\043\016\027\016\063\000\040\000Q\000u\000e\000r\000i\000e\000s\000\040\016\100\016\012\016\064\016\007\016\036\016\067\016\111\016\031\016\027\016\065\016\110\016\101\016\045\016\060\016\100\016\012\016\064\016\007\016\025\016\062\016\043\016\062\016\007\000\040\000\050\000S\000p\000a\000t\000i\000a\000l\000\040\000a\000n\000d\000\040\000A\000t\000t\000r\000i\000b\000u\000t\000e\000\040\000Q\000u\000e\000r\000i\000e\000s\000\051}{chapter.4}% 53
\BOOKMARK [1][-]{section.4.7}{\376\377\016\001\016\062\016\043\016\055\016\055\016\001\016\101\016\032\016\032\000\040\000G\000e\000o\000d\000a\000t\000a\000b\000a\000s\000e}{chapter.4}% 54
\BOOKMARK [1][-]{section.4.8}{\376\377\016\025\016\061\016\047\016\055\016\042\016\110\016\062\016\007\016\101\016\045\016\060\016\101\016\032\016\032\016\035\016\066\016\001\016\053\016\061\016\024\016\027\016\111\016\062\016\042\016\032\016\027}{chapter.4}% 55
\BOOKMARK [1][-]{section.4.9}{\376\377\016\052\016\043\016\070\016\033}{chapter.4}% 56
\BOOKMARK [1][-]{section.4.10}{\376\377\016\101\016\032\016\032\016\035\016\066\016\001\016\053\016\061\016\024\016\027\016\111\016\062\016\042\016\032\016\027}{chapter.4}% 57
\BOOKMARK [1][-]{section.4.11}{\376\377\016\100\016\055\016\001\016\052\016\062\016\043\016\055\016\111\016\062\016\007\016\055\016\064\016\007}{chapter.4}% 58
\BOOKMARK [0][-]{chapter*.29}{\376\377\016\101\016\034\016\031\016\001\016\062\016\043\016\052\016\055\016\031\016\033\016\043\016\060\016\010\016\063\016\032\016\027\016\027\016\065\016\110\000\040\0005}{}% 59
\BOOKMARK [0][-]{chapter.5}{\376\377\016\100\016\041\016\027\016\043\016\064\016\001\016\013\016\114\016\101\016\045\016\060\016\024\016\065\016\100\016\027\016\055\016\043\016\114\016\041\016\064\016\101\016\031\016\031\016\025\016\114\000\040\000\050\000M\000a\000t\000r\000i\000c\000e\000s\000\040\000\046\000\040\000D\000e\000t\000e\000r\000m\000i\000n\000a\000n\000t\000s\000\051}{}% 60
\BOOKMARK [1][-]{section.5.1}{\376\377\016\047\016\061\016\025\016\026\016\070\016\033\016\043\016\060\016\052\016\007\016\004\016\114\016\001\016\062\016\043\016\100\016\043\016\065\016\042\016\031\016\043\016\071\016\111}{chapter.5}% 61
\BOOKMARK [1][-]{section.5.2}{\376\377\016\032\016\027\016\031\016\063}{chapter.5}% 62
\BOOKMARK [1][-]{section.5.3}{\376\377\016\031\016\064\016\042\016\062\016\041\016\036\016\067\016\111\016\031\016\020\016\062\016\031\016\002\016\055\016\007\016\100\016\041\016\027\016\043\016\064\016\001\016\013\016\114}{chapter.5}% 63
\BOOKMARK [1][-]{section.5.4}{\376\377\016\001\016\062\016\043\016\024\016\063\016\100\016\031\016\064\016\031\016\001\016\062\016\043\016\043\016\060\016\053\016\047\016\110\016\062\016\007\016\100\016\041\016\027\016\043\016\064\016\001\016\013\016\114}{chapter.5}% 64
\BOOKMARK [1][-]{section.5.5}{\376\377\016\024\016\065\016\100\016\027\016\055\016\043\016\114\016\041\016\064\016\101\016\031\016\031\016\025\016\114\000\040\000\050\000D\000e\000t\000e\000r\000m\000i\000n\000a\000n\000t\000s\000\051}{chapter.5}% 65
\BOOKMARK [1][-]{section.5.6}{\376\377\016\055\016\064\016\031\016\100\016\047\016\055\016\043\016\114\016\052\016\002\016\055\016\007\016\100\016\041\016\027\016\043\016\064\016\001\016\013\016\114\000\040\000\050\000M\000a\000t\000r\000i\000x\000\040\000I\000n\000v\000e\000r\000s\000e\000\051}{chapter.5}% 66
\BOOKMARK [1][-]{section.5.7}{\376\377\016\043\016\060\016\032\016\032\016\052\016\041\016\001\016\062\016\043\016\100\016\012\016\064\016\007\016\100\016\052\016\111\016\031\000\040\000\050\000S\000y\000s\000t\000e\000m\000s\000\040\000o\000f\000\040\000L\000i\000n\000e\000a\000r\000\040\000E\000q\000u\000a\000t\000i\000o\000n\000s\000\051}{chapter.5}% 67
\BOOKMARK [1][-]{section.5.8}{\376\377\016\001\016\062\016\043\016\033\016\043\016\060\016\042\016\070\016\001\016\025\016\114\016\103\016\031\016\047\016\064\016\027\016\042\016\062\016\001\016\062\016\043\016\004\016\055\016\041\016\036\016\064\016\047\016\100\016\025\016\055\016\043\016\114}{chapter.5}% 68
\BOOKMARK [1][-]{section.5.9}{\376\377\016\104\016\037\016\045\016\114\016\102\016\004\016\111\016\024\016\033\016\043\016\060\016\001\016\055\016\032\016\032\016\027}{chapter.5}% 69
\BOOKMARK [1][-]{section.5.10}{\376\377\016\101\016\032\016\032\016\035\016\066\016\001\016\053\016\061\016\024}{chapter.5}% 70
\BOOKMARK [1][-]{section.5.11}{\376\377\016\052\016\043\016\070\016\033}{chapter.5}% 71
\BOOKMARK [1][-]{section.5.12}{\376\377\016\100\016\055\016\001\016\052\016\062\016\043\016\055\016\111\016\062\016\007\016\055\016\064\016\007}{chapter.5}% 72
\BOOKMARK [0][-]{chapter*.30}{\376\377\016\101\016\034\016\031\016\001\016\062\016\043\016\052\016\055\016\031\016\033\016\043\016\060\016\010\016\063\016\032\016\027\016\027\016\065\016\110\000\040\0006}{}% 73
\BOOKMARK [0][-]{chapter.6}{\376\377\016\001\016\062\016\043\016\047\016\064\016\100\016\004\016\043\016\062\016\060\016\053\016\114\016\002\016\111\016\055\016\041\016\071\016\045\016\043\016\062\016\052\016\100\016\025\016\055\016\043\016\114\000\040\000\050\000R\000a\000s\000t\000e\000r\000-\000b\000a\000s\000e\000d\000\040\000S\000p\000a\000t\000i\000a\000l\000\040\000A\000n\000a\000l\000y\000s\000i\000s\000\051}{}% 74
\BOOKMARK [1][-]{section.6.1}{\376\377\016\047\016\061\016\025\016\026\016\070\016\033\016\043\016\060\016\052\016\007\016\004\016\114\016\001\016\062\016\043\016\100\016\043\016\065\016\042\016\031\016\043\016\071\016\111}{chapter.6}% 75
\BOOKMARK [1][-]{section.6.2}{\376\377\016\032\016\027\016\031\016\063}{chapter.6}% 76
\BOOKMARK [1][-]{section.6.3}{\376\377\016\102\016\004\016\043\016\007\016\052\016\043\016\111\016\062\016\007\016\002\016\111\016\055\016\041\016\071\016\045\016\043\016\062\016\052\016\100\016\025\016\055\016\043\016\114}{chapter.6}% 77
\BOOKMARK [1][-]{section.6.4}{\376\377\016\036\016\065\016\012\016\004\016\023\016\064\016\025\016\101\016\034\016\031\016\027\016\065\016\110\000\040\000\050\000M\000a\000p\000\040\000A\000l\000g\000e\000b\000r\000a\000\051}{chapter.6}% 78
\BOOKMARK [1][-]{section.6.5}{\376\377\016\001\016\062\016\043\016\047\016\064\016\100\016\004\016\043\016\062\016\060\016\053\016\114\016\036\016\067\016\111\016\031\016\034\016\064\016\047\000\040\000\050\000S\000u\000r\000f\000a\000c\000e\000\040\000A\000n\000a\000l\000y\000s\000i\000s\000\051}{chapter.6}% 79
\BOOKMARK [1][-]{section.6.6}{\376\377\016\001\016\062\016\043\016\101\016\033\016\045\016\007\016\002\016\111\016\055\016\041\016\071\016\045\000\040\000V\000e\000c\000t\000o\000r\000-\000R\000a\000s\000t\000e\000r}{chapter.6}% 80
\BOOKMARK [1][-]{section.6.7}{\376\377\016\001\016\062\016\043\016\033\016\043\016\060\016\042\016\070\016\001\016\025\016\114\016\103\016\012\016\111\016\103\016\031\016\007\016\062\016\031\016\024\016\111\016\062\016\031\016\027\016\043\016\061\016\036\016\042\016\062\016\001\016\043\016\030\016\043\016\043\016\041\016\012\016\062\016\025\016\064\016\101\016\045\016\060\016\052\016\064\016\110\016\007\016\101\016\047\016\024\016\045\016\111\016\055\016\041}{chapter.6}% 81
\BOOKMARK [1][-]{section.6.8}{\376\377\016\032\016\027\016\052\016\043\016\070\016\033}{chapter.6}% 82
\BOOKMARK [1][-]{section.6.9}{\376\377\016\101\016\032\016\032\016\035\016\066\016\001\016\053\016\061\016\024\016\027\016\111\016\062\016\042\016\032\016\027}{chapter.6}% 83
\BOOKMARK [1][-]{section.6.10}{\376\377\016\100\016\055\016\001\016\052\016\062\016\043\016\055\016\111\016\062\016\007\016\055\016\064\016\007\016\033\016\043\016\060\016\010\016\063\016\032\016\027}{chapter.6}% 84
\BOOKMARK [1][-]{section.6.11}{\376\377\016\100\016\055\016\001\016\052\016\062\016\043\016\055\016\111\016\062\016\007\016\055\016\064\016\007}{chapter.6}% 85
\BOOKMARK [0][-]{chapter*.33}{\376\377\016\101\016\034\016\031\016\001\016\062\016\043\016\052\016\055\016\031\016\033\016\043\016\060\016\010\016\063\016\032\016\027\016\027\016\065\016\110\000\040\0007}{}% 86
\BOOKMARK [0][-]{chapter.7}{\376\377\016\001\016\062\016\043\016\031\016\063\016\100\016\052\016\031\016\055\016\034\016\045\016\045\016\061\016\036\016\030\016\114\016\101\016\045\016\060\016\001\016\062\016\043\016\027\016\063\016\101\016\034\016\031\016\027\016\065\016\110\000\040\000\050\000C\000a\000r\000t\000o\000g\000r\000a\000p\000h\000y\000\040\000a\000n\000d\000\040\000D\000a\000t\000a\000\040\000V\000i\000s\000u\000a\000l\000i\000z\000a\000t\000i\000o\000n\000\051}{}% 87
\BOOKMARK [1][-]{section.7.1}{\376\377\016\047\016\061\016\025\016\026\016\070\016\033\016\043\016\060\016\052\016\007\016\004\016\114\016\001\016\062\016\043\016\100\016\043\016\065\016\042\016\031\016\043\016\071\016\111}{chapter.7}% 88
\BOOKMARK [1][-]{section.7.2}{\376\377\016\032\016\027\016\031\016\063}{chapter.7}% 89
\BOOKMARK [1][-]{section.7.3}{\376\377\016\053\016\045\016\061\016\001\016\001\016\062\016\043\016\055\016\055\016\001\016\101\016\032\016\032\016\101\016\034\016\031\016\027\016\065\016\110\016\101\016\045\016\060\016\001\016\062\016\043\016\010\016\061\016\024\016\045\016\063\016\024\016\061\016\032\016\004\016\047\016\062\016\041\016\052\016\063\016\004\016\061\016\015\016\002\016\055\016\007\016\002\016\111\016\055\016\041\016\071\016\045\016\040\016\062\016\036}{chapter.7}% 90
\BOOKMARK [1][-]{section.7.4}{\376\377\016\001\016\062\016\043\016\100\016\045\016\067\016\055\016\001\016\052\016\061\016\015\016\045\016\061\016\001\016\051\016\023\016\114\016\052\016\063\016\053\016\043\016\061\016\032\016\002\016\111\016\055\016\041\016\071\016\045\016\100\016\012\016\064\016\007\016\036\016\067\016\111\016\031\016\027\016\065\016\110}{chapter.7}% 91
\BOOKMARK [1][-]{section.7.5}{\376\377\016\001\016\062\016\043\016\010\016\063\016\101\016\031\016\001\016\002\016\111\016\055\016\041\016\071\016\045\016\052\016\063\016\053\016\043\016\061\016\032\016\001\016\062\016\043\016\101\016\052\016\024\016\007\016\032\016\031\016\101\016\034\016\031\016\027\016\065\016\110}{chapter.7}% 92
\BOOKMARK [1][-]{section.7.6}{\376\377\016\001\016\062\016\043\016\010\016\061\016\024\016\027\016\063\016\100\016\045\016\042\016\114\016\100\016\055\016\062\016\025\016\114\016\101\016\034\016\031\016\027\016\065\016\110}{chapter.7}% 93
\BOOKMARK [1][-]{section.7.7}{\376\377\016\001\016\062\016\043\016\052\016\067\016\110\016\055\016\052\016\062\016\043\016\002\016\111\016\055\016\041\016\071\016\045\016\100\016\012\016\064\016\007\016\036\016\067\016\111\016\031\016\027\016\065\016\110\016\103\016\053\016\111\016\055\016\110\016\062\016\031\016\007\016\110\016\062\016\042\016\101\016\045\016\060\016\026\016\071\016\001\016\025\016\111\016\055\016\007\016\025\016\062\016\041\016\053\016\045\016\061\016\001\016\052\016\062\016\001\016\045}{chapter.7}% 94
\BOOKMARK [1][-]{section.7.8}{\376\377\016\052\016\043\016\070\016\033}{chapter.7}% 95
\BOOKMARK [1][-]{section.7.9}{\376\377\016\104\016\037\016\045\016\114\016\102\016\004\016\111\016\024\016\033\016\043\016\060\016\001\016\055\016\032\016\032\016\027}{chapter.7}% 96
\BOOKMARK [1][-]{section.7.10}{\376\377\016\101\016\032\016\032\016\035\016\066\016\001\016\053\016\061\016\024\016\027\016\111\016\062\016\042\016\032\016\027}{chapter.7}% 97
\BOOKMARK [1][-]{section.7.11}{\376\377\016\100\016\055\016\001\016\052\016\062\016\043\016\055\016\111\016\062\016\007\016\055\016\064\016\007}{chapter.7}% 98
\BOOKMARK [1][-]{section.7.12}{\376\377\016\100\016\055\016\001\016\052\016\062\016\043\016\055\016\111\016\062\016\007\016\055\016\064\016\007}{chapter.7}% 99
